<?xml version="1.0" encoding="UTF-8"?>
<!-- Generated by org.testng.reporters.JUnitReportReporter -->
<testsuite hostname="Win2016" failures="0" tests="1" name="files.SumValidation" time="1.437" errors="0" timestamp="2021-02-19T14:34:32 IST" skipped="0">
  <testcase classname="files.SumValidation" name="sum" time="1.437"/>
  <system-out/>
</testsuite> <!-- files.SumValidation -->
